2020-06-21 00:02:17.776  INFO 13112 --- [restartedMain] c.tatsinktech.extend.ApplicationProcess  : Starting ApplicationProcess on DESKTOP-1P8QU59 with PID 13112 (C:\Users\olivier\Documents\NetBeansProjects\CommunProject\NEW_EXTEND\target\classes started by olivier in C:\Users\olivier\Documents\NetBeansProjects\CommunProject\NEW_EXTEND)
2020-06-21 00:02:17.797  INFO 13112 --- [restartedMain] c.tatsinktech.extend.ApplicationProcess  : No active profile set, falling back to default profiles: default
2020-06-21 00:02:17.915  INFO 13112 --- [restartedMain] o.s.b.devtools.restart.ChangeableUrls    : The Class-Path manifest attribute in C:\Users\olivier\.m2\repository\org\glassfish\jaxb\jaxb-runtime\2.3.2\jaxb-runtime-2.3.2.jar referenced one or more files that do not exist: file:/C:/Users/olivier/.m2/repository/org/glassfish/jaxb/jaxb-runtime/2.3.2/jakarta.xml.bind-api-2.3.2.jar,file:/C:/Users/olivier/.m2/repository/org/glassfish/jaxb/jaxb-runtime/2.3.2/txw2-2.3.2.jar,file:/C:/Users/olivier/.m2/repository/org/glassfish/jaxb/jaxb-runtime/2.3.2/istack-commons-runtime-3.0.8.jar,file:/C:/Users/olivier/.m2/repository/org/glassfish/jaxb/jaxb-runtime/2.3.2/stax-ex-1.8.1.jar,file:/C:/Users/olivier/.m2/repository/org/glassfish/jaxb/jaxb-runtime/2.3.2/FastInfoset-1.2.16.jar,file:/C:/Users/olivier/.m2/repository/org/glassfish/jaxb/jaxb-runtime/2.3.2/jakarta.activation-api-1.2.1.jar
2020-06-21 00:02:17.915  INFO 13112 --- [restartedMain] .e.DevToolsPropertyDefaultsPostProcessor : Devtools property defaults active! Set 'spring.devtools.add-properties' to 'false' to disable
2020-06-21 00:02:17.915  INFO 13112 --- [restartedMain] .e.DevToolsPropertyDefaultsPostProcessor : For additional web related logging consider setting the 'logging.level.web' property to 'DEBUG'
2020-06-21 00:02:19.372  INFO 13112 --- [restartedMain] .s.d.r.c.RepositoryConfigurationDelegate : Bootstrapping Spring Data JPA repositories in DEFAULT mode.
2020-06-21 00:02:19.557  INFO 13112 --- [restartedMain] .s.d.r.c.RepositoryConfigurationDelegate : Finished Spring Data repository scanning in 166ms. Found 13 JPA repository interfaces.
2020-06-21 00:02:20.412  INFO 13112 --- [restartedMain] trationDelegate$BeanPostProcessorChecker : Bean 'org.springframework.security.config.annotation.configuration.ObjectPostProcessorConfiguration' of type [org.springframework.security.config.annotation.configuration.ObjectPostProcessorConfiguration] is not eligible for getting processed by all BeanPostProcessors (for example: not eligible for auto-proxying)
2020-06-21 00:02:20.412  INFO 13112 --- [restartedMain] trationDelegate$BeanPostProcessorChecker : Bean 'objectPostProcessor' of type [org.springframework.security.config.annotation.configuration.AutowireBeanFactoryObjectPostProcessor] is not eligible for getting processed by all BeanPostProcessors (for example: not eligible for auto-proxying)
2020-06-21 00:02:20.412  INFO 13112 --- [restartedMain] trationDelegate$BeanPostProcessorChecker : Bean 'org.springframework.security.access.expression.method.DefaultMethodSecurityExpressionHandler@244f83a9' of type [org.springframework.security.oauth2.provider.expression.OAuth2MethodSecurityExpressionHandler] is not eligible for getting processed by all BeanPostProcessors (for example: not eligible for auto-proxying)
2020-06-21 00:02:20.428  INFO 13112 --- [restartedMain] trationDelegate$BeanPostProcessorChecker : Bean 'org.springframework.security.config.annotation.method.configuration.GlobalMethodSecurityConfiguration' of type [org.springframework.security.config.annotation.method.configuration.GlobalMethodSecurityConfiguration] is not eligible for getting processed by all BeanPostProcessors (for example: not eligible for auto-proxying)
2020-06-21 00:02:20.434  INFO 13112 --- [restartedMain] trationDelegate$BeanPostProcessorChecker : Bean 'methodSecurityMetadataSource' of type [org.springframework.security.access.method.DelegatingMethodSecurityMetadataSource] is not eligible for getting processed by all BeanPostProcessors (for example: not eligible for auto-proxying)
2020-06-21 00:02:21.705  INFO 13112 --- [restartedMain] o.s.b.w.embedded.tomcat.TomcatWebServer  : Tomcat initialized with port(s): 8083 (http)
2020-06-21 00:02:21.720  INFO 13112 --- [restartedMain] o.apache.catalina.core.StandardService   : Starting service [Tomcat]
2020-06-21 00:02:21.720  INFO 13112 --- [restartedMain] org.apache.catalina.core.StandardEngine  : Starting Servlet engine: [Apache Tomcat/9.0.33]
2020-06-21 00:02:21.883  INFO 13112 --- [restartedMain] o.a.c.c.C.[Tomcat].[localhost].[/]       : Initializing Spring embedded WebApplicationContext
2020-06-21 00:02:21.883  INFO 13112 --- [restartedMain] o.s.web.context.ContextLoader            : Root WebApplicationContext: initialization completed in 3966 ms
2020-06-21 00:02:22.533  INFO 13112 --- [restartedMain] o.hibernate.jpa.internal.util.LogHelper  : HHH000204: Processing PersistenceUnitInfo [name: default]
2020-06-21 00:02:22.636  INFO 13112 --- [restartedMain] org.hibernate.Version                    : HHH000412: Hibernate ORM core version 5.4.12.Final
2020-06-21 00:02:22.831  INFO 13112 --- [restartedMain] o.hibernate.annotations.common.Version   : HCANN000001: Hibernate Commons Annotations {5.1.0.Final}
2020-06-21 00:02:22.962  INFO 13112 --- [restartedMain] com.zaxxer.hikari.HikariDataSource       : HikariPool-1 - Starting...
2020-06-21 00:02:23.031  INFO 13112 --- [restartedMain] com.zaxxer.hikari.HikariDataSource       : HikariPool-1 - Start completed.
2020-06-21 00:02:23.063  INFO 13112 --- [restartedMain] org.hibernate.dialect.Dialect            : HHH000400: Using dialect: org.hibernate.dialect.MariaDB103Dialect
2020-06-21 00:02:24.673  INFO 13112 --- [restartedMain] o.h.e.t.j.p.i.JtaPlatformInitiator       : HHH000490: Using JtaPlatform implementation: [org.hibernate.engine.transaction.jta.platform.internal.NoJtaPlatform]
2020-06-21 00:02:24.689  INFO 13112 --- [restartedMain] j.LocalContainerEntityManagerFactoryBean : Initialized JPA EntityManagerFactory for persistence unit 'default'
2020-06-21 00:02:24.704  WARN 13112 --- [restartedMain] o.s.b.d.a.OptionalLiveReloadServer       : Unable to start LiveReload server
2020-06-21 00:02:25.873  INFO 13112 --- [restartedMain] c.tatsinktech.extend.ApplicationLaucher  : ******************* InitializingBean *******************************
2020-06-21 00:02:26.003  INFO 13112 --- [pool-3-thread-1] c.t.extend.thread.sender.Sender          : ################################## START SENDER ###########################
2020-06-21 00:02:26.003  INFO 13112 --- [pool-3-thread-1] c.t.extend.thread.sender.Sender          : Sender Queue size :0
2020-06-21 00:02:26.003  INFO 13112 --- [pool-3-thread-2] c.t.extend.thread.sender.Sender          : ################################## START SENDER ###########################
2020-06-21 00:02:26.710  INFO 13112 --- [pool-4-thread-1] c.t.extend.thread.process.ExtendProcess  : ################################## START PROCESS EXTEND ###########################
2020-06-21 00:02:27.665  WARN 13112 --- [restartedMain] JpaBaseConfiguration$JpaWebConfiguration : spring.jpa.open-in-view is enabled by default. Therefore, database queries may be performed during view rendering. Explicitly configure spring.jpa.open-in-view to disable this warning
2020-06-21 00:02:27.708  INFO 13112 --- [restartedMain] c.t.e.o.config.JwtAccessTokenCustomizer  : Initialized JwtAccessTokenCustomizer
2020-06-21 00:02:27.738  INFO 13112 --- [restartedMain] c.t.e.o.config.JwtAccessTokenCustomizer  : Configured JwtAccessTokenConverter
2020-06-21 00:02:28.343  INFO 13112 --- [restartedMain] o.s.s.web.DefaultSecurityFilterChain     : Creating filter chain: any request, [org.springframework.security.web.context.request.async.WebAsyncManagerIntegrationFilter@3350dd6a, org.springframework.security.web.context.SecurityContextPersistenceFilter@1d3c7d27, org.springframework.security.web.header.HeaderWriterFilter@87e4c75, org.springframework.web.filter.CorsFilter@66ea9363, org.springframework.security.web.authentication.logout.LogoutFilter@242223e1, org.springframework.security.oauth2.provider.authentication.OAuth2AuthenticationProcessingFilter@4e8c6ad9, org.springframework.security.web.savedrequest.RequestCacheAwareFilter@6c4b6c7e, org.springframework.security.web.servletapi.SecurityContextHolderAwareRequestFilter@568b5bc8, org.springframework.security.web.authentication.AnonymousAuthenticationFilter@2d77b19, org.springframework.security.web.session.SessionManagementFilter@49ffbf3f, org.springframework.security.web.access.ExceptionTranslationFilter@6eaa8279, org.springframework.security.web.access.intercept.FilterSecurityInterceptor@1b60959]
2020-06-21 00:02:28.686  INFO 13112 --- [restartedMain] o.s.s.concurrent.ThreadPoolTaskExecutor  : Initializing ExecutorService 'applicationTaskExecutor'
2020-06-21 00:02:29.653  INFO 13112 --- [restartedMain] o.s.s.c.ThreadPoolTaskScheduler          : Initializing ExecutorService 'taskScheduler'
2020-06-21 00:02:29.829  INFO 13112 --- [restartedMain] o.s.b.w.embedded.tomcat.TomcatWebServer  : Tomcat started on port(s): 8083 (http) with context path ''
2020-06-21 00:02:29.844  INFO 13112 --- [restartedMain] c.tatsinktech.extend.ApplicationProcess  : Started ApplicationProcess in 12.633 seconds (JVM running for 13.431)
